<?xml version="1.0" encoding="UTF-8"?>
<testng-results skipped="0" failed="0" ignored="0" total="1" passed="1">
  <reporter-output>
  </reporter-output>
  <suite name="com.qa.tests.DemoTest" duration-ms="58" started-at="2018-07-14T00:01:26Z" finished-at="2018-07-14T00:01:26Z">
    <groups>
    </groups>
    <test name="Command line test" duration-ms="58" started-at="2018-07-14T00:01:26Z" finished-at="2018-07-14T00:01:26Z">
      <class name="com.qa.tests.DemoTest">
        <test-method status="PASS" signature="sum()[pri:0, instance:com.qa.tests.DemoTest@3796751b]" name="sum" duration-ms="15" started-at="2018-07-14T00:01:26Z" finished-at="2018-07-14T00:01:26Z">
          <reporter-output>
          </reporter-output>
        </test-method> <!-- sum -->
      </class> <!-- com.qa.tests.DemoTest -->
    </test> <!-- Command line test -->
  </suite> <!-- com.qa.tests.DemoTest -->
</testng-results>
