<?xml version="1.0" encoding="UTF-8"?>
<testng-results ignored="0" total="3" passed="3" failed="0" skipped="0">
  <reporter-output>
  </reporter-output>
  <suite started-at="2018-07-17T19:02:27Z" name="Test Suite Name" finished-at="2018-07-17T19:02:27Z" duration-ms="43">
    <groups>
    </groups>
    <test started-at="2018-07-17T19:02:27Z" name="MavenExecution" finished-at="2018-07-17T19:02:27Z" duration-ms="43">
      <class name="com.qa.tests.DemoTest3">
        <test-method signature="sum()[pri:0, instance:com.qa.tests.DemoTest3@8297b3a]" started-at="2018-07-17T19:02:27Z" name="sum" finished-at="2018-07-17T19:02:27Z" duration-ms="1" status="PASS">
          <reporter-output>
          </reporter-output>
        </test-method> <!-- sum -->
      </class> <!-- com.qa.tests.DemoTest3 -->
      <class name="com.qa.tests.DemoTest">
        <test-method signature="sum()[pri:0, instance:com.qa.tests.DemoTest@510f3d34]" started-at="2018-07-17T19:02:27Z" name="sum" finished-at="2018-07-17T19:02:27Z" duration-ms="12" status="PASS">
          <reporter-output>
          </reporter-output>
        </test-method> <!-- sum -->
      </class> <!-- com.qa.tests.DemoTest -->
      <class name="com.qa.tests.DemoTest2">
        <test-method signature="sum()[pri:0, instance:com.qa.tests.DemoTest2@7817fd62]" started-at="2018-07-17T19:02:27Z" name="sum" finished-at="2018-07-17T19:02:27Z" duration-ms="1" status="PASS">
          <reporter-output>
          </reporter-output>
        </test-method> <!-- sum -->
      </class> <!-- com.qa.tests.DemoTest2 -->
    </test> <!-- MavenExecution -->
  </suite> <!-- Test Suite Name -->
</testng-results>
