<?xml version="1.0" encoding="UTF-8"?>
<testng-results skipped="0" failed="0" ignored="0" total="1" passed="1">
  <reporter-output>
  </reporter-output>
  <suite name="Default suite" duration-ms="58" started-at="2018-07-13T18:41:00Z" finished-at="2018-07-13T18:41:01Z">
    <groups>
    </groups>
    <test name="Default test" duration-ms="58" started-at="2018-07-13T18:41:00Z" finished-at="2018-07-13T18:41:01Z">
      <class name="com.qa.tests.DemoTest">
        <test-method status="PASS" signature="sum()[pri:0, instance:com.qa.tests.DemoTest@29ee9faa]" name="sum" duration-ms="16" started-at="2018-07-13T18:41:00Z" finished-at="2018-07-13T18:41:01Z">
          <reporter-output>
          </reporter-output>
        </test-method> <!-- sum -->
      </class> <!-- com.qa.tests.DemoTest -->
    </test> <!-- Default test -->
  </suite> <!-- Default suite -->
</testng-results>
