<?xml version="1.0" encoding="UTF-8"?>
<!-- Generated by org.testng.reporters.JUnitXMLReporter -->
<testsuite ignored="0" hostname="DESKTOP-M7BR9T5" failures="0" tests="3" name="MavenExecution" time="0.043" errors="0" timestamp="17 Jul 2018 19:02:27 GMT">
  <testcase classname="com.qa.tests.DemoTest" name="sum" time="0.012"/>
  <testcase classname="com.qa.tests.DemoTest2" name="sum" time="0.001"/>
  <testcase classname="com.qa.tests.DemoTest3" name="sum" time="0.001"/>
</testsuite> <!-- MavenExecution -->
